DEPRECATION WARNING: config.action_view.debug_rjs will be removed in 3.1, from 3.1 onwards you will need to install prototype-rails to continue to use RJS templates . (called from <top (required)> at /home/mark/development/WorkspaceRb2/trans_test/config/environment.rb:5)
DEPRECATION WARNING: config.action_view.debug_rjs will be removed in 3.1, from 3.1 onwards you will need to install prototype-rails to continue to use RJS templates . (called from <top (required)> at /home/mark/development/WorkspaceRb2/trans_test/config/environment.rb:5)
DEPRECATION WARNING: config.action_view.debug_rjs will be removed in 3.1, from 3.1 onwards you will need to install prototype-rails to continue to use RJS templates . (called from <top (required)> at /home/mark/development/WorkspaceRb2/trans_test/config/environment.rb:5)


Started GET "/" for 127.0.0.1 at 2011-09-08 12:32:58 +1000

ActionController::RoutingError (No route matches "/"):
  

Rendered /home/mark/.rvm/gems/ruby-1.9.2-p180/gems/actionpack-3.0.10/lib/action_dispatch/middleware/templates/rescues/routing_error.erb within rescues/layout (2.0ms)
DEPRECATION WARNING: config.action_view.debug_rjs will be removed in 3.1, from 3.1 onwards you will need to install prototype-rails to continue to use RJS templates . (called from <top (required)> at /home/mark/development/WorkspaceRb2/trans_test/config/environment.rb:5)
DEPRECATION WARNING: config.action_view.debug_rjs will be removed in 3.1, from 3.1 onwards you will need to install prototype-rails to continue to use RJS templates . (called from <top (required)> at /home/mark/development/WorkspaceRb2/trans_test/config/environment.rb:5)


Started GET "/en" for 127.0.0.1 at 2011-09-08 12:40:29 +1000

ActionController::RoutingError (uninitialized constant TransDotController):
  

Rendered /home/mark/.rvm/gems/ruby-1.9.2-p180/gems/actionpack-3.0.10/lib/action_dispatch/middleware/templates/rescues/routing_error.erb within rescues/layout (2.1ms)
DEPRECATION WARNING: config.action_view.debug_rjs will be removed in 3.1, from 3.1 onwards you will need to install prototype-rails to continue to use RJS templates . (called from <top (required)> at /home/mark/development/WorkspaceRb2/trans_test/config/environment.rb:5)


Started GET "/en" for 127.0.0.1 at 2011-09-08 12:48:01 +1000

ActionController::RoutingError (You have a nil object when you didn't expect it!
You might have expected an instance of Array.
The error occurred while evaluating nil.+):
  app/controllers/trans_dots_controller.rb:6:in `<class:TransDotsController>'
  app/controllers/trans_dots_controller.rb:1:in `<top (required)>'

Rendered /home/mark/.rvm/gems/ruby-1.9.2-p180/gems/actionpack-3.0.10/lib/action_dispatch/middleware/templates/rescues/routing_error.erb within rescues/layout (2.1ms)
DEPRECATION WARNING: config.action_view.debug_rjs will be removed in 3.1, from 3.1 onwards you will need to install prototype-rails to continue to use RJS templates . (called from <top (required)> at /home/mark/development/WorkspaceRb2/trans_test/config/environment.rb:5)
  [1m[36mSQL (0.7ms)[0m  [1m SELECT name
 FROM sqlite_master
 WHERE type = 'table' AND NOT name = 'sqlite_sequence'
[0m
  [1m[35mSQL (0.2ms)[0m  select sqlite_version(*)
  [1m[36mSQL (105.0ms)[0m  [1mCREATE TABLE "schema_migrations" ("version" varchar(255) NOT NULL) [0m
  [1m[35mSQL (0.1ms)[0m  PRAGMA index_list("schema_migrations")
  [1m[36mSQL (76.0ms)[0m  [1mCREATE UNIQUE INDEX "unique_schema_migrations" ON "schema_migrations" ("version")[0m
  [1m[35mSQL (0.3ms)[0m   SELECT name
 FROM sqlite_master
 WHERE type = 'table' AND NOT name = 'sqlite_sequence'
  [1m[36mSQL (0.2ms)[0m  [1m SELECT name
 FROM sqlite_master
 WHERE type = 'table' AND NOT name = 'sqlite_sequence'
[0m
  [1m[35mSQL (0.2ms)[0m  SELECT "schema_migrations"."version" FROM "schema_migrations"
Migrating to CreateTransDots (20110908023722)
  [1m[36mSQL (0.8ms)[0m  [1mCREATE TABLE "trans_dots" ("id" INTEGER PRIMARY KEY AUTOINCREMENT NOT NULL, "name" varchar(255), "description" text, "do_this" boolean, "created_at" datetime, "updated_at" datetime) [0m
  [1m[35mSQL (0.2ms)[0m  INSERT INTO "schema_migrations" ("version") VALUES ('20110908023722')
  [1m[36mSQL (1.5ms)[0m  [1mselect sqlite_version(*)[0m
  [1m[35mSQL (0.3ms)[0m   SELECT name
 FROM sqlite_master
 WHERE type = 'table' AND NOT name = 'sqlite_sequence'
  [1m[36mSQL (0.2ms)[0m  [1mSELECT "schema_migrations"."version" FROM "schema_migrations"[0m
  [1m[35mSQL (0.2ms)[0m   SELECT name
 FROM sqlite_master
 WHERE type = 'table' AND NOT name = 'sqlite_sequence'
  [1m[36mSQL (0.1ms)[0m  [1mPRAGMA index_list("trans_dots")[0m


Started GET "/en" for 127.0.0.1 at 2011-09-08 12:49:00 +1000

ActionController::RoutingError (You have a nil object when you didn't expect it!
You might have expected an instance of Array.
The error occurred while evaluating nil.+):
  app/controllers/trans_dots_controller.rb:6:in `<class:TransDotsController>'
  app/controllers/trans_dots_controller.rb:1:in `<top (required)>'

Rendered /home/mark/.rvm/gems/ruby-1.9.2-p180/gems/actionpack-3.0.10/lib/action_dispatch/middleware/templates/rescues/routing_error.erb within rescues/layout (2.2ms)
DEPRECATION WARNING: config.action_view.debug_rjs will be removed in 3.1, from 3.1 onwards you will need to install prototype-rails to continue to use RJS templates . (called from <top (required)> at /home/mark/development/WorkspaceRb2/trans_test/config/environment.rb:5)


Started GET "/en" for 127.0.0.1 at 2011-09-08 12:49:49 +1000

ActionController::RoutingError (You have a nil object when you didn't expect it!
You might have expected an instance of Array.
The error occurred while evaluating nil.+):
  app/controllers/trans_dots_controller.rb:6:in `<class:TransDotsController>'
  app/controllers/trans_dots_controller.rb:1:in `<top (required)>'

Rendered /home/mark/.rvm/gems/ruby-1.9.2-p180/gems/actionpack-3.0.10/lib/action_dispatch/middleware/templates/rescues/routing_error.erb within rescues/layout (2.1ms)


Started GET "/en" for 127.0.0.1 at 2011-09-08 12:55:56 +1000

ActionController::RoutingError (You have a nil object when you didn't expect it!
You might have expected an instance of Array.
The error occurred while evaluating nil.+):
  app/controllers/trans_dots_controller.rb:6:in `<class:TransDotsController>'
  app/controllers/trans_dots_controller.rb:1:in `<top (required)>'

Rendered /home/mark/.rvm/gems/ruby-1.9.2-p180/gems/actionpack-3.0.10/lib/action_dispatch/middleware/templates/rescues/routing_error.erb within rescues/layout (1.9ms)


Started GET "/en" for 127.0.0.1 at 2011-09-08 12:56:07 +1000

ActionController::RoutingError (You have a nil object when you didn't expect it!
You might have expected an instance of Array.
The error occurred while evaluating nil.+):
  app/controllers/trans_dots_controller.rb:6:in `<class:TransDotsController>'
  app/controllers/trans_dots_controller.rb:1:in `<top (required)>'

Rendered /home/mark/.rvm/gems/ruby-1.9.2-p180/gems/actionpack-3.0.10/lib/action_dispatch/middleware/templates/rescues/routing_error.erb within rescues/layout (3.3ms)


Started GET "/en" for 127.0.0.1 at 2011-09-08 12:58:08 +1000
  Processing by TransDotsController#index as HTML
  Parameters: {"locale"=>"en"}
Param locale = en
Session locale = nil
Locale set to en
Completed 500 Internal Server Error in 3ms

NoMethodError (undefined method `authenticate_user!' for #<TransDotsController:0x8ed0d98>):
  

Rendered /home/mark/.rvm/gems/ruby-1.9.2-p180/gems/actionpack-3.0.10/lib/action_dispatch/middleware/templates/rescues/_trace.erb (2.8ms)
Rendered /home/mark/.rvm/gems/ruby-1.9.2-p180/gems/actionpack-3.0.10/lib/action_dispatch/middleware/templates/rescues/_request_and_response.erb (5.4ms)
Rendered /home/mark/.rvm/gems/ruby-1.9.2-p180/gems/actionpack-3.0.10/lib/action_dispatch/middleware/templates/rescues/diagnostics.erb within rescues/layout (16.3ms)


Started GET "/en" for 127.0.0.1 at 2011-09-08 12:58:42 +1000

ActionController::RoutingError (You have a nil object when you didn't expect it!
You might have expected an instance of Array.
The error occurred while evaluating nil.+):
  app/controllers/trans_dots_controller.rb:6:in `<class:TransDotsController>'
  app/controllers/trans_dots_controller.rb:1:in `<top (required)>'

Rendered /home/mark/.rvm/gems/ruby-1.9.2-p180/gems/actionpack-3.0.10/lib/action_dispatch/middleware/templates/rescues/routing_error.erb within rescues/layout (1.9ms)


Started GET "/en" for 127.0.0.1 at 2011-09-08 12:59:06 +1000
  Processing by TransDotsController#index as HTML
  Parameters: {"locale"=>"en"}
Param locale = en
Session locale = nil
Locale set to en
  [1m[36mSQL (0.9ms)[0m  [1m SELECT name
 FROM sqlite_master
 WHERE type = 'table' AND NOT name = 'sqlite_sequence'
[0m
Completed 500 Internal Server Error in 16ms

NoMethodError (undefined method `paginate' for #<Class:0x84b7938>):
  app/controllers/trans_dots_controller.rb:9:in `index'

Rendered /home/mark/.rvm/gems/ruby-1.9.2-p180/gems/actionpack-3.0.10/lib/action_dispatch/middleware/templates/rescues/_trace.erb (2.8ms)
Rendered /home/mark/.rvm/gems/ruby-1.9.2-p180/gems/actionpack-3.0.10/lib/action_dispatch/middleware/templates/rescues/_request_and_response.erb (6.0ms)
Rendered /home/mark/.rvm/gems/ruby-1.9.2-p180/gems/actionpack-3.0.10/lib/action_dispatch/middleware/templates/rescues/diagnostics.erb within rescues/layout (16.4ms)


Started GET "/en" for 127.0.0.1 at 2011-09-08 13:12:23 +1000
  Processing by TransDotsController#index as HTML
  Parameters: {"locale"=>"en"}
Param locale = en
Session locale = nil
Locale set to en
  [1m[35mSQL (0.7ms)[0m   SELECT name
 FROM sqlite_master
 WHERE type = 'table' AND NOT name = 'sqlite_sequence'
Completed 500 Internal Server Error in 9ms

NoMethodError (undefined method `paginate' for #<Class:0x8cb1ecc>):
  app/controllers/trans_dots_controller.rb:9:in `index'

Rendered /home/mark/.rvm/gems/ruby-1.9.2-p180/gems/actionpack-3.0.10/lib/action_dispatch/middleware/templates/rescues/_trace.erb (2.8ms)
Rendered /home/mark/.rvm/gems/ruby-1.9.2-p180/gems/actionpack-3.0.10/lib/action_dispatch/middleware/templates/rescues/_request_and_response.erb (5.7ms)
Rendered /home/mark/.rvm/gems/ruby-1.9.2-p180/gems/actionpack-3.0.10/lib/action_dispatch/middleware/templates/rescues/diagnostics.erb within rescues/layout (15.8ms)


Started GET "/en" for 127.0.0.1 at 2011-09-08 13:14:59 +1000
  Processing by TransDotsController#index as HTML
  Parameters: {"locale"=>"en"}
Param locale = en
Session locale = nil
Locale set to en
  [1m[36mSQL (0.6ms)[0m  [1m SELECT name
 FROM sqlite_master
 WHERE type = 'table' AND NOT name = 'sqlite_sequence'
[0m
Completed 500 Internal Server Error in 46ms

NoMethodError (undefined method `paginate' for #<Class:0x8226764>):
  app/controllers/trans_dots_controller.rb:9:in `index'

Rendered /home/mark/.rvm/gems/ruby-1.9.2-p180/gems/actionpack-3.0.10/lib/action_dispatch/middleware/templates/rescues/_trace.erb (2.8ms)
Rendered /home/mark/.rvm/gems/ruby-1.9.2-p180/gems/actionpack-3.0.10/lib/action_dispatch/middleware/templates/rescues/_request_and_response.erb (6.3ms)
Rendered /home/mark/.rvm/gems/ruby-1.9.2-p180/gems/actionpack-3.0.10/lib/action_dispatch/middleware/templates/rescues/diagnostics.erb within rescues/layout (16.3ms)
DEPRECATION WARNING: config.action_view.debug_rjs will be removed in 3.1, from 3.1 onwards you will need to install prototype-rails to continue to use RJS templates . (called from <top (required)> at /home/mark/development/WorkspaceRb2/trans_test/config/environment.rb:5)


Started GET "/en" for 127.0.0.1 at 2011-09-08 13:16:13 +1000
  Processing by TransDotsController#index as HTML
  Parameters: {"locale"=>"en"}
Param locale = en
Session locale = nil
Locale set to en
  [1m[36mTransDot Load (0.8ms)[0m  [1mSELECT "trans_dots".* FROM "trans_dots" LIMIT 15 OFFSET 0[0m
Rendered trans_dots/index.html.erb within layouts/application (205.8ms)
Completed 500 Internal Server Error in 230ms

ActionView::Template::Error (undefined local variable or method `new_trans_dot_path' for #<#<Class:0x8159674>:0x806a574>):
    40: <%= twill_paginate %>
    41: 
    42: <br />
    43: <%= link_to t('headings.new.heading', :model=> t($ARM + 'trans_dot', :count=>1)), new_trans_dot_path %>
  app/views/trans_dots/index.html.erb:43:in `_app_views_trans_dots_index_html_erb__584737139_67312670__685866552'
  app/controllers/trans_dots_controller.rb:11:in `index'

Rendered /home/mark/.rvm/gems/ruby-1.9.2-p180/gems/actionpack-3.0.10/lib/action_dispatch/middleware/templates/rescues/_trace.erb (2.9ms)
Rendered /home/mark/.rvm/gems/ruby-1.9.2-p180/gems/actionpack-3.0.10/lib/action_dispatch/middleware/templates/rescues/_request_and_response.erb (5.1ms)
Rendered /home/mark/.rvm/gems/ruby-1.9.2-p180/gems/actionpack-3.0.10/lib/action_dispatch/middleware/templates/rescues/template_error.erb within rescues/layout (15.4ms)
DEPRECATION WARNING: config.action_view.debug_rjs will be removed in 3.1, from 3.1 onwards you will need to install prototype-rails to continue to use RJS templates . (called from <top (required)> at /home/mark/development/WorkspaceRb2/trans_test/config/environment.rb:5)


Started GET "/en" for 127.0.0.1 at 2011-09-08 13:18:51 +1000
  Processing by TransDotsController#index as HTML
  Parameters: {"locale"=>"en"}
Param locale = en
Session locale = nil
Locale set to en
  [1m[35mTransDot Load (0.6ms)[0m  SELECT "trans_dots".* FROM "trans_dots" LIMIT 15 OFFSET 0
default_url_options is passed options: {}
Rendered trans_dots/index.html.erb within layouts/application (10.0ms)
Completed 200 OK in 25ms (Views: 17.7ms | ActiveRecord: 0.6ms)
